<?xml version="1.0" encoding="UTF-8"?>
<!-- Generated by org.testng.reporters.JUnitReportReporter -->
<testsuite skipped="0" hostname="bjld181226-2" name="JavaScriptTest" tests="1" failures="0" timestamp="2019-11-12T15:53:24 CST" time="4.306" errors="0">
  <testcase name="javascriptTest2" time="4.306" classname="JavaScriptTest"/>
</testsuite> <!-- JavaScriptTest -->
